<?xml version="1.0" encoding="UTF-8"?>
<!-- Generated by org.testng.reporters.JUnitXMLReporter -->
<testsuite ignored="0" hostname="LAPTOP-E6LSSHHS" failures="0" tests="3" name="Default test" time="19.304" errors="0" timestamp="2023-10-06T21:23:04 IST">
  <testcase classname="TestNG.Annotations" name="amazon" time="5.72"/>
  <testcase classname="TestNG.Annotations" name="facebook" time="1.174"/>
  <testcase classname="TestNG.Annotations" name="snapdeal" time="1.625"/>
</testsuite> <!-- Default test -->
